2025-05-29 15:54:25,311 [INFO] Starting Sigma Analyzer
2025-05-29 15:54:25,312 [INFO] Configuration: {
  "LOG_DIR": "/var/log/sigma",
  "COMPILED_RULES_DIR": "/app/compiled",
  "LOKI_URL": "http://loki:3100",
  "QUERY_WINDOW": 5,
  "SLEEP_INTERVAL": 300,
  "ALERT_WEBHOOK": "",
  "LOG_LEVEL": "INFO"
}
2025-05-29 15:54:25,314 [INFO] Processing window: 2025-05-29 18:49:25.313857+00:00 to 2025-05-29 18:54:25.314783+00:00
2025-05-29 15:54:25,316 [INFO] Executing rule: Survey_Phishing_Lure.logql
2025-05-29 15:54:25,317 [INFO] Executing rule: Multiple_Detection_Single_Email.logql
2025-05-29 15:54:25,317 [INFO] Executing rule: Gift_Card_Scam_Attempt.logql
2025-05-29 15:54:25,318 [INFO] Executing rule: Email_YARA-Detected.logql
2025-05-29 15:54:25,372 [INFO] Executing rule: Quarantined_Same_Sender.logql
2025-05-29 15:54:25,379 [INFO] Executing rule: Subject_keyword.logql
2025-05-29 15:54:25,381 [INFO] Executing rule: EICAR_Test_File_Detection.logql
2025-05-29 15:54:25,390 [INFO] Executing rule: Email_Executable_Attachment.logql
2025-05-29 15:54:25,413 [INFO] Executing rule: Email_Reinjection_Activity.logql
2025-05-29 15:54:25,425 [INFO] Executing rule: postfix_bruteforce.logql
2025-05-29 15:54:25,440 [INFO] Executing rule: Phishing_URL_Encoding_Evasion.logql
2025-05-29 15:54:25,450 [INFO] Executing rule: Quarantine_Event.logql
2025-05-29 15:54:25,459 [INFO] Executing rule: Compressed_File_Attachment.logql
2025-05-29 15:54:25,469 [INFO] Executing rule: Malicious_JavaScript_Attachment.logql
2025-05-29 15:54:25,479 [INFO] Executing rule: Urgency_Based_Phishing Attempt.logql
2025-05-29 15:54:25,492 [INFO] Executing rule: click_here_with_link.logql
2025-05-29 15:54:25,502 [INFO] Executing rule: Password_Hint_Emails.logql
2025-05-29 15:54:25,517 [INFO] Executing rule: Executable_PDF_Attachments.logql
2025-05-29 15:54:25,528 [INFO] Executing rule: postfix_mass_mailing.logql
2025-05-29 15:54:25,537 [INFO] Executing rule: Executable_File_Detection.logql
2025-05-29 15:54:25,578 [INFO] Sleeping for 300 seconds
